<?xml version="1.0" encoding="UTF-8"?>
<!-- Generated by org.testng.reporters.JUnitReportReporter -->
<testsuite hostname="Kalpesh" name="com.test.FormTest" tests="19" failures="1" timestamp="28 Oct 2017 00:53:09 GMT" time="184.629" errors="0">
  <testcase name="submitFormTest" time="8.579" classname="com.test.FormTest">
    <failure type="java.lang.AssertionError" message="expected [The max length of last name is 20] but found [The max length of first name is 20]">
      <![CDATA[java.lang.AssertionError: expected [The max length of last name is 20] but found [The max length of first name is 20]
	at org.testng.Assert.fail(Assert.java:94)
	at org.testng.Assert.failNotEquals(Assert.java:513)
	at org.testng.Assert.assertEqualsImpl(Assert.java:135)
	at org.testng.Assert.assertEquals(Assert.java:116)
	at org.testng.Assert.assertEquals(Assert.java:190)
	at org.testng.Assert.assertEquals(Assert.java:200)
	at com.test.FormTest.submitFormTest(FormTest.java:101)
	at sun.reflect.NativeMethodAccessorImpl.invoke0(Native Method)
	at sun.reflect.NativeMethodAccessorImpl.invoke(NativeMethodAccessorImpl.java:62)
	at sun.reflect.DelegatingMethodAccessorImpl.invoke(DelegatingMethodAccessorImpl.java:43)
	at java.lang.reflect.Method.invoke(Method.java:498)
	at org.testng.internal.MethodInvocationHelper.invokeMethod(MethodInvocationHelper.java:86)
	at org.testng.internal.Invoker.invokeMethod(Invoker.java:643)
	at org.testng.internal.Invoker.invokeTestMethod(Invoker.java:820)
	at org.testng.internal.Invoker.invokeTestMethods(Invoker.java:1128)
	at org.testng.internal.TestMethodWorker.invokeTestMethods(TestMethodWorker.java:129)
	at org.testng.internal.TestMethodWorker.run(TestMethodWorker.java:112)
	at org.testng.TestRunner.privateRun(TestRunner.java:782)
	at org.testng.TestRunner.run(TestRunner.java:632)
	at org.testng.SuiteRunner.runTest(SuiteRunner.java:366)
	at org.testng.SuiteRunner.runSequentially(SuiteRunner.java:361)
	at org.testng.SuiteRunner.privateRun(SuiteRunner.java:319)
	at org.testng.SuiteRunner.run(SuiteRunner.java:268)
	at org.testng.SuiteRunnerWorker.runSuite(SuiteRunnerWorker.java:52)
	at org.testng.SuiteRunnerWorker.run(SuiteRunnerWorker.java:86)
	at org.testng.TestNG.runSuitesSequentially(TestNG.java:1244)
	at org.testng.TestNG.runSuitesLocally(TestNG.java:1169)
	at org.testng.TestNG.run(TestNG.java:1064)
	at org.testng.remote.AbstractRemoteTestNG.run(AbstractRemoteTestNG.java:132)
	at org.testng.remote.RemoteTestNG.initAndRun(RemoteTestNG.java:230)
	at org.testng.remote.RemoteTestNG.main(RemoteTestNG.java:76)
]]>
    </failure>
  </testcase> <!-- submitFormTest -->
  <testcase name="submitFormTest" time="8.278" classname="com.test.FormTest"/>
  <testcase name="submitFormTest" time="7.621" classname="com.test.FormTest"/>
  <testcase name="submitFormTest" time="8.435" classname="com.test.FormTest"/>
  <testcase name="submitFormTest" time="8.801" classname="com.test.FormTest"/>
  <testcase name="submitFormTest" time="7.024" classname="com.test.FormTest"/>
  <testcase name="submitFormTest" time="33.658" classname="com.test.FormTest"/>
  <testcase name="submitFormTest" time="7.892" classname="com.test.FormTest"/>
  <testcase name="submitFormTest" time="7.101" classname="com.test.FormTest"/>
  <testcase name="submitFormTest" time="9.946" classname="com.test.FormTest"/>
  <testcase name="submitFormTest" time="8.894" classname="com.test.FormTest"/>
  <testcase name="submitFormTest" time="7.739" classname="com.test.FormTest"/>
  <testcase name="submitFormTest" time="8.423" classname="com.test.FormTest"/>
  <testcase name="submitFormTest" time="8.094" classname="com.test.FormTest"/>
  <testcase name="submitFormTest" time="9.465" classname="com.test.FormTest"/>
  <testcase name="submitFormTest" time="8.746" classname="com.test.FormTest"/>
  <testcase name="submitFormTest" time="9.390" classname="com.test.FormTest"/>
  <testcase name="submitFormTest" time="8.428" classname="com.test.FormTest"/>
  <testcase name="submitFormTest" time="8.115" classname="com.test.FormTest"/>
</testsuite> <!-- com.test.FormTest -->
